<?xml version="1.0" encoding="UTF-8"?>
<testng-results ignored="0" total="1" passed="1" failed="0" skipped="0">
  <reporter-output>
  </reporter-output>
  <suite started-at="2021-03-19T05:21:05Z" name="Default suite" finished-at="2021-03-19T05:21:08Z" duration-ms="2524">
    <groups>
    </groups>
    <test started-at="2021-03-19T05:21:05Z" name="Default test" finished-at="2021-03-19T05:21:08Z" duration-ms="2524">
      <class name="restAPIBDD.DeleteRequestBDD">
        <test-method signature="test1()[pri:0, instance:restAPIBDD.DeleteRequestBDD@4816278d]" started-at="2021-03-19T05:21:05Z" name="test1" finished-at="2021-03-19T05:21:08Z" duration-ms="2493" status="PASS">
          <reporter-output>
          </reporter-output>
        </test-method> <!-- test1 -->
      </class> <!-- restAPIBDD.DeleteRequestBDD -->
    </test> <!-- Default test -->
  </suite> <!-- Default suite -->
</testng-results>
